<?xml version="1.0" encoding="UTF-8"?>
<!-- Generated by org.testng.reporters.JUnitReportReporter -->
<testsuite hostname="LAPTOP-SIH2KBL2" failures="0" tests="1" name="packageOne.ClassFour" time="0.002" errors="0" timestamp="2024-10-28T18:53:21 IST" skipped="0">
  <testcase classname="packageOne.ClassFour" name="testFour" time="0.002"/>
</testsuite> <!-- packageOne.ClassFour -->
