<?xml version="1.0" encoding="UTF-8"?>
<!-- Generated by org.testng.reporters.JUnitReportReporter -->
<testsuite hostname="LAPTOP-SIH2KBL2" failures="0" tests="1" name="packageOne.ClassTwo" time="0.004" errors="0" timestamp="2024-10-28T18:53:21 IST" skipped="1">
  <testcase classname="packageOne.ClassTwo" name="testTwo" time="0.004">
    <skipped/>
  </testcase> <!-- testTwo -->
</testsuite> <!-- packageOne.ClassTwo -->
